<?xml version="1.0" encoding="UTF-8"?>
<testng-results skipped="0" failed="0" total="1" passed="1">
  <reporter-output>
  </reporter-output>
  <suite name="Default suite" duration-ms="6141" started-at="2016-09-01T18:00:32Z" finished-at="2016-09-01T18:00:38Z">
    <groups>
    </groups>
    <test name="Default test" duration-ms="6141" started-at="2016-09-01T18:00:32Z" finished-at="2016-09-01T18:00:38Z">
      <class name="naveen.alti.SampleSauceTest">
        <test-method status="PASS" signature="demofirst()[pri:0, instance:naveen.alti.SampleSauceTest@22542822]" name="demofirst" duration-ms="6125" started-at="2016-09-01T23:30:32Z" description="sauce lab demo test" finished-at="2016-09-01T23:30:38Z">
          <reporter-output>
          </reporter-output>
        </test-method> <!-- demofirst -->
      </class> <!-- naveen.alti.SampleSauceTest -->
    </test> <!-- Default test -->
  </suite> <!-- Default suite -->
</testng-results>
